<?xml version="1.0" encoding="UTF-8"?>
<testng-results ignored="0" total="1" passed="1" failed="0" skipped="0">
  <reporter-output>
  </reporter-output>
  <suite started-at="2022-08-22T07:05:40Z" name="Suite" finished-at="2022-08-22T07:05:52Z" duration-ms="12897">
    <groups>
    </groups>
    <test started-at="2022-08-22T07:05:40Z" name="Test" finished-at="2022-08-22T07:05:52Z" duration-ms="12897">
      <class name="alami.elevenia.EleveniaTest">
        <test-method is-config="true" signature="createChromeDriver()[pri:0, instance:alami.elevenia.EleveniaTest@58326051]" started-at="2022-08-22T07:05:40Z" name="createChromeDriver" finished-at="2022-08-22T07:05:42Z" duration-ms="2773" status="PASS">
          <reporter-output>
          </reporter-output>
        </test-method> <!-- createChromeDriver -->
        <test-method signature="Test()[pri:0, instance:alami.elevenia.EleveniaTest@58326051]" started-at="2022-08-22T07:05:42Z" name="Test" finished-at="2022-08-22T07:05:52Z" duration-ms="9985" status="PASS">
          <reporter-output>
          </reporter-output>
        </test-method> <!-- Test -->
        <test-method is-config="true" signature="quitChromeDriver()[pri:0, instance:alami.elevenia.EleveniaTest@58326051]" started-at="2022-08-22T07:05:52Z" name="quitChromeDriver" finished-at="2022-08-22T07:05:52Z" duration-ms="126" status="PASS">
          <reporter-output>
          </reporter-output>
        </test-method> <!-- quitChromeDriver -->
      </class> <!-- alami.elevenia.EleveniaTest -->
    </test> <!-- Test -->
  </suite> <!-- Suite -->
</testng-results>
